<?xml version="1.0" encoding="UTF-8"?>
<coverage generated="1764405666950" clover="3.2.0">
  <project timestamp="1764405666950" name="All files">
    <metrics statements="29" coveredstatements="29" conditionals="9" coveredconditionals="9" methods="1" coveredmethods="1" elements="39" coveredelements="39" complexity="0" loc="29" ncloc="29" packages="1" files="2" classes="2"/>
    <file name="01-extract-function-before.js" path="/Users/rabberdabber/courses/refactoring-improving-design/examples/01-extract-function-before.js">
      <metrics statements="26" coveredstatements="26" conditionals="9" coveredconditionals="9" methods="1" coveredmethods="1"/>
      <line num="5" count="4" type="stmt"/>
      <line num="6" count="4" type="stmt"/>
      <line num="7" count="4" type="stmt"/>
      <line num="8" count="4" type="stmt"/>
      <line num="14" count="4" type="stmt"/>
      <line num="15" count="6" type="stmt"/>
      <line num="16" count="6" type="stmt"/>
      <line num="18" count="6" type="cond" truecount="3" falsecount="0"/>
      <line num="20" count="3" type="stmt"/>
      <line num="21" count="3" type="cond" truecount="2" falsecount="0"/>
      <line num="22" count="2" type="stmt"/>
      <line num="24" count="3" type="stmt"/>
      <line num="26" count="2" type="stmt"/>
      <line num="27" count="2" type="cond" truecount="2" falsecount="0"/>
      <line num="28" count="1" type="stmt"/>
      <line num="30" count="2" type="stmt"/>
      <line num="31" count="2" type="stmt"/>
      <line num="33" count="1" type="stmt"/>
      <line num="37" count="5" type="stmt"/>
      <line num="39" count="5" type="cond" truecount="2" falsecount="0"/>
      <line num="42" count="5" type="stmt"/>
      <line num="43" count="5" type="stmt"/>
      <line num="45" count="3" type="stmt"/>
      <line num="46" count="3" type="stmt"/>
      <line num="47" count="3" type="stmt"/>
      <line num="50" count="1" type="stmt"/>
    </file>
    <file name="test-data.js" path="/Users/rabberdabber/courses/refactoring-improving-design/examples/test-data.js">
      <metrics statements="3" coveredstatements="3" conditionals="0" coveredconditionals="0" methods="0" coveredmethods="0"/>
      <line num="3" count="1" type="stmt"/>
      <line num="9" count="1" type="stmt"/>
      <line num="27" count="1" type="stmt"/>
    </file>
  </project>
</coverage>
