{"/Users/rabberdabber/courses/refactoring-improving-design/examples/01-extract-function-before.js": {"path":"/Users/rabberdabber/courses/refactoring-improving-design/examples/01-extract-function-before.js","statementMap":{"0":{"start":{"line":5,"column":20},"end":{"line":5,"column":21}},"1":{"start":{"line":6,"column":22},"end":{"line":6,"column":23}},"2":{"start":{"line":7,"column":15},"end":{"line":7,"column":52}},"3":{"start":{"line":8,"column":17},"end":{"line":12,"column":11}},"4":{"start":{"line":14,"column":2},"end":{"line":44,"column":3}},"5":{"start":{"line":15,"column":17},"end":{"line":15,"column":35}},"6":{"start":{"line":16,"column":21},"end":{"line":16,"column":22}},"7":{"start":{"line":18,"column":4},"end":{"line":34,"column":5}},"8":{"start":{"line":20,"column":8},"end":{"line":20,"column":27}},"9":{"start":{"line":21,"column":8},"end":{"line":23,"column":9}},"10":{"start":{"line":22,"column":10},"end":{"line":22,"column":52}},"11":{"start":{"line":24,"column":8},"end":{"line":24,"column":14}},"12":{"start":{"line":26,"column":8},"end":{"line":26,"column":27}},"13":{"start":{"line":27,"column":8},"end":{"line":29,"column":9}},"14":{"start":{"line":28,"column":10},"end":{"line":28,"column":59}},"15":{"start":{"line":30,"column":8},"end":{"line":30,"column":42}},"16":{"start":{"line":31,"column":8},"end":{"line":31,"column":14}},"17":{"start":{"line":33,"column":8},"end":{"line":33,"column":54}},"18":{"start":{"line":37,"column":4},"end":{"line":37,"column":53}},"19":{"start":{"line":39,"column":4},"end":{"line":39,"column":79}},"20":{"start":{"line":39,"column":32},"end":{"line":39,"column":79}},"21":{"start":{"line":42,"column":4},"end":{"line":42,"column":86}},"22":{"start":{"line":43,"column":4},"end":{"line":43,"column":30}},"23":{"start":{"line":45,"column":2},"end":{"line":45,"column":60}},"24":{"start":{"line":46,"column":2},"end":{"line":46,"column":52}},"25":{"start":{"line":47,"column":2},"end":{"line":47,"column":16}},"26":{"start":{"line":50,"column":0},"end":{"line":50,"column":31}}},"fnMap":{"0":{"name":"statement","decl":{"start":{"line":4,"column":9},"end":{"line":4,"column":18}},"loc":{"start":{"line":4,"column":35},"end":{"line":48,"column":1}},"line":4}},"branchMap":{"0":{"loc":{"start":{"line":18,"column":4},"end":{"line":34,"column":5}},"type":"switch","locations":[{"start":{"line":19,"column":6},"end":{"line":24,"column":14}},{"start":{"line":25,"column":6},"end":{"line":31,"column":14}},{"start":{"line":32,"column":6},"end":{"line":33,"column":54}}],"line":18},"1":{"loc":{"start":{"line":21,"column":8},"end":{"line":23,"column":9}},"type":"if","locations":[{"start":{"line":21,"column":8},"end":{"line":23,"column":9}},{"start":{},"end":{}}],"line":21},"2":{"loc":{"start":{"line":27,"column":8},"end":{"line":29,"column":9}},"type":"if","locations":[{"start":{"line":27,"column":8},"end":{"line":29,"column":9}},{"start":{},"end":{}}],"line":27},"3":{"loc":{"start":{"line":39,"column":4},"end":{"line":39,"column":79}},"type":"if","locations":[{"start":{"line":39,"column":4},"end":{"line":39,"column":79}},{"start":{},"end":{}}],"line":39}},"s":{"0":4,"1":4,"2":4,"3":4,"4":4,"5":6,"6":6,"7":6,"8":3,"9":3,"10":2,"11":3,"12":2,"13":2,"14":1,"15":2,"16":2,"17":1,"18":5,"19":5,"20":2,"21":5,"22":5,"23":3,"24":3,"25":3,"26":1},"f":{"0":4},"b":{"0":[3,2,1],"1":[2,1],"2":[1,1],"3":[2,3]},"_coverageSchema":"1a1c01bbd47fc00a2c39e90264f33305004495a9","hash":"de69faea652baae94c76944715d669f28f8ac366"}
,"/Users/rabberdabber/courses/refactoring-improving-design/examples/test-data.js": {"path":"/Users/rabberdabber/courses/refactoring-improving-design/examples/test-data.js","statementMap":{"0":{"start":{"line":3,"column":14},"end":{"line":7,"column":1}},"1":{"start":{"line":9,"column":16},"end":{"line":25,"column":1}},"2":{"start":{"line":27,"column":0},"end":{"line":27,"column":36}}},"fnMap":{},"branchMap":{},"s":{"0":1,"1":1,"2":1},"f":{},"b":{},"_coverageSchema":"1a1c01bbd47fc00a2c39e90264f33305004495a9","hash":"5825693406634cd714ba53c701761d52d38846a6"}
}
