TN:
SF:examples/01-extract-function-before.js
FN:4,statement
FNF:1
FNH:1
FNDA:4,statement
DA:5,4
DA:6,4
DA:7,4
DA:8,4
DA:14,4
DA:15,6
DA:16,6
DA:18,6
DA:20,3
DA:21,3
DA:22,2
DA:24,3
DA:26,2
DA:27,2
DA:28,1
DA:30,2
DA:31,2
DA:33,1
DA:37,5
DA:39,5
DA:42,5
DA:43,5
DA:45,3
DA:46,3
DA:47,3
DA:50,1
LF:26
LH:26
BRDA:18,0,0,3
BRDA:18,0,1,2
BRDA:18,0,2,1
BRDA:21,1,0,2
BRDA:21,1,1,1
BRDA:27,2,0,1
BRDA:27,2,1,1
BRDA:39,3,0,2
BRDA:39,3,1,3
BRF:9
BRH:9
end_of_record
TN:
SF:examples/test-data.js
FNF:0
FNH:0
DA:3,1
DA:9,1
DA:27,1
LF:3
LH:3
BRF:0
BRH:0
end_of_record
